Start testing: Apr 17 18:10 JST
----------------------------------------------------------
1/1 Testing: Log_test
1/1 Test: Log_test
Command: "/work/okamoto/Develop/NCUtil/build/Log/Log_test"
Directory: /work/okamoto/Develop/NCUtil/build/Test
"Log_test" start time: Apr 17 18:10 JST
Output:
----------------------------------------------------------
test  !!!
<end of output>
Test time =   0.00 sec
----------------------------------------------------------
Test Passed.
"Log_test" end time: Apr 17 18:10 JST
"Log_test" time elapsed: 00:00:00
----------------------------------------------------------

End testing: Apr 17 18:10 JST
